Started by user [8mha:////4AlCk3+0bdNxAjUfBXhWvXkM++QZOSWFA7J/OjTJq4k6AAAAlx+LCAAAAAAAAP9b85aBtbiIQTGjNKU4P08vOT+vOD8nVc83PyU1x6OyILUoJzMv2y+/JJUBAhiZGBgqihhk0NSjKDWzXb3RdlLBUSYGJk8GtpzUvPSSDB8G5tKinBIGIZ+sxLJE/ZzEvHT94JKizLx0a6BxUmjGOUNodHsLgAz2EgZu/dLi1CL9xJTczDwAHhAahcAAAAA=[0mprasath
Running as SYSTEM
Building in workspace /root/.jenkins/workspace/mvn
No credentials specified
 > git rev-parse --is-inside-work-tree # timeout=10
Fetching changes from the remote Git repository
 > git config remote.origin.url https://github.com/prasathmss/jenkins-devops-062019 # timeout=10
Fetching upstream changes from https://github.com/prasathmss/jenkins-devops-062019
 > git --version # timeout=10
 > git fetch --tags --progress https://github.com/prasathmss/jenkins-devops-062019 +refs/heads/*:refs/remotes/origin/*
 > git rev-parse refs/remotes/origin/master^{commit} # timeout=10
 > git rev-parse refs/remotes/origin/origin/master^{commit} # timeout=10
Checking out Revision fcde15708fcf9dce2b1c667d39c348eecec3b1f9 (refs/remotes/origin/master)
 > git config core.sparsecheckout # timeout=10
 > git checkout -f fcde15708fcf9dce2b1c667d39c348eecec3b1f9
Commit message: "Atmosphere - ChatBot Project"
 > git rev-list --no-walk fcde15708fcf9dce2b1c667d39c348eecec3b1f9 # timeout=10
[mvn] $ mvn -f /atmosphere/spring-boot-samples/spring-boot-sample-atmosphere/ package
[INFO] Scanning for projects...
[8mha:////4JUviPoI5GbusPq7nhxO2/wjG52IJTMuEzM2Av7/vc0yAAAAYB+LCAAAAAAAAP9b85aBtbiIQSmjNKU4P0+vJLE4u1gvPjexLDVPzxdEuhYV5Rf55ZekOlc7RKnPKH7IxMBQUcQgBdWQnJ9XnJ+TqucMoUEKGSCAEaSwAACsNFCqYAAAAA==[0m[ERROR] [ERROR] Some problems were encountered while processing the POMs:
[FATAL] Non-readable POM /atmosphere/spring-boot-samples/spring-boot-sample-atmosphere: /atmosphere/spring-boot-samples/spring-boot-sample-atmosphere (No such file or directory) @ 
 @ 
[8mha:////4JUviPoI5GbusPq7nhxO2/wjG52IJTMuEzM2Av7/vc0yAAAAYB+LCAAAAAAAAP9b85aBtbiIQSmjNKU4P0+vJLE4u1gvPjexLDVPzxdEuhYV5Rf55ZekOlc7RKnPKH7IxMBQUcQgBdWQnJ9XnJ+TqucMoUEKGSCAEaSwAACsNFCqYAAAAA==[0m[ERROR] The build could not read 1 project -> [Help 1]
[8mha:////4JUviPoI5GbusPq7nhxO2/wjG52IJTMuEzM2Av7/vc0yAAAAYB+LCAAAAAAAAP9b85aBtbiIQSmjNKU4P0+vJLE4u1gvPjexLDVPzxdEuhYV5Rf55ZekOlc7RKnPKH7IxMBQUcQgBdWQnJ9XnJ+TqucMoUEKGSCAEaSwAACsNFCqYAAAAA==[0m[ERROR]   
[8mha:////4JUviPoI5GbusPq7nhxO2/wjG52IJTMuEzM2Av7/vc0yAAAAYB+LCAAAAAAAAP9b85aBtbiIQSmjNKU4P0+vJLE4u1gvPjexLDVPzxdEuhYV5Rf55ZekOlc7RKnPKH7IxMBQUcQgBdWQnJ9XnJ+TqucMoUEKGSCAEaSwAACsNFCqYAAAAA==[0m[ERROR]   The project  (/atmosphere/spring-boot-samples/spring-boot-sample-atmosphere) has 1 error
[8mha:////4JUviPoI5GbusPq7nhxO2/wjG52IJTMuEzM2Av7/vc0yAAAAYB+LCAAAAAAAAP9b85aBtbiIQSmjNKU4P0+vJLE4u1gvPjexLDVPzxdEuhYV5Rf55ZekOlc7RKnPKH7IxMBQUcQgBdWQnJ9XnJ+TqucMoUEKGSCAEaSwAACsNFCqYAAAAA==[0m[ERROR]     Non-readable POM /atmosphere/spring-boot-samples/spring-boot-sample-atmosphere: /atmosphere/spring-boot-samples/spring-boot-sample-atmosphere (No such file or directory)
[8mha:////4JUviPoI5GbusPq7nhxO2/wjG52IJTMuEzM2Av7/vc0yAAAAYB+LCAAAAAAAAP9b85aBtbiIQSmjNKU4P0+vJLE4u1gvPjexLDVPzxdEuhYV5Rf55ZekOlc7RKnPKH7IxMBQUcQgBdWQnJ9XnJ+TqucMoUEKGSCAEaSwAACsNFCqYAAAAA==[0m[ERROR] 
[8mha:////4JUviPoI5GbusPq7nhxO2/wjG52IJTMuEzM2Av7/vc0yAAAAYB+LCAAAAAAAAP9b85aBtbiIQSmjNKU4P0+vJLE4u1gvPjexLDVPzxdEuhYV5Rf55ZekOlc7RKnPKH7IxMBQUcQgBdWQnJ9XnJ+TqucMoUEKGSCAEaSwAACsNFCqYAAAAA==[0m[ERROR] To see the full stack trace of the errors, re-run Maven with the -e switch.
[8mha:////4JUviPoI5GbusPq7nhxO2/wjG52IJTMuEzM2Av7/vc0yAAAAYB+LCAAAAAAAAP9b85aBtbiIQSmjNKU4P0+vJLE4u1gvPjexLDVPzxdEuhYV5Rf55ZekOlc7RKnPKH7IxMBQUcQgBdWQnJ9XnJ+TqucMoUEKGSCAEaSwAACsNFCqYAAAAA==[0m[ERROR] Re-run Maven using the -X switch to enable full debug logging.
[8mha:////4JUviPoI5GbusPq7nhxO2/wjG52IJTMuEzM2Av7/vc0yAAAAYB+LCAAAAAAAAP9b85aBtbiIQSmjNKU4P0+vJLE4u1gvPjexLDVPzxdEuhYV5Rf55ZekOlc7RKnPKH7IxMBQUcQgBdWQnJ9XnJ+TqucMoUEKGSCAEaSwAACsNFCqYAAAAA==[0m[ERROR] 
[8mha:////4JUviPoI5GbusPq7nhxO2/wjG52IJTMuEzM2Av7/vc0yAAAAYB+LCAAAAAAAAP9b85aBtbiIQSmjNKU4P0+vJLE4u1gvPjexLDVPzxdEuhYV5Rf55ZekOlc7RKnPKH7IxMBQUcQgBdWQnJ9XnJ+TqucMoUEKGSCAEaSwAACsNFCqYAAAAA==[0m[ERROR] For more information about the errors and possible solutions, please read the following articles:
[8mha:////4JUviPoI5GbusPq7nhxO2/wjG52IJTMuEzM2Av7/vc0yAAAAYB+LCAAAAAAAAP9b85aBtbiIQSmjNKU4P0+vJLE4u1gvPjexLDVPzxdEuhYV5Rf55ZekOlc7RKnPKH7IxMBQUcQgBdWQnJ9XnJ+TqucMoUEKGSCAEaSwAACsNFCqYAAAAA==[0m[ERROR] [Help 1] http://cwiki.apache.org/confluence/display/MAVEN/ProjectBuildingException
Build step 'Invoke top-level Maven targets' marked build as failure
Finished: FAILURE
